# JRE version: Java(TM) SE Runtime Environment (17.0.8+9) (build 17.0.8+9-LTS-211)
# Java VM: Java HotSpot(TM) 64-Bit Server VM (17.0.8+9-LTS-211, mixed mode, sharing, tiered, compressed oops, compressed class ptrs, g1 gc, windows-amd64)
GC Precious Log:
 CPUs: 8 total, 8 available
 Memory: 16087M
 Large Page Support: Disabled
 NUMA Support: Disabled
 Compressed Oops: Enabled (Zero based)
 Heap Region Size: 2M
 Heap Min Capacity: 8M
 Heap Initial Capacity: 252M
 Heap Max Capacity: 4022M
 Pre-touch: Disabled
 Parallel Workers: 8
 Concurrent Workers: 2
 Concurrent Refinement Workers: 8
 Periodic GC: Disabled
Heap:
 garbage-first heap   total 34816K, used 16262K [0x0000000704a00000, 0x0000000800000000)
  region size 2048K, 3 young (6144K), 1 survivors (2048K)
 Metaspace       used 22520K, committed 22784K, reserved 1114112K
  class space    used 2659K, committed 2816K, reserved 1048576K
GC Heap History (8 events):
Event: 1.432 GC heap before
{Heap before GC invocations=0 (full 0):
 garbage-first heap   total 258048K, used 22528K [0x0000000704a00000, 0x0000000800000000)
  region size 2048K, 11 young (22528K), 0 survivors (0K)
 Metaspace       used 14093K, committed 14272K, reserved 1114112K
  class space    used 1493K, committed 1600K, reserved 1048576K
}
Event: 1.448 GC heap after
{Heap after GC invocations=1 (full 0):
 garbage-first heap   total 258048K, used 4235K [0x0000000704a00000, 0x0000000800000000)
  region size 2048K, 2 young (4096K), 2 survivors (4096K)
 Metaspace       used 14093K, committed 14272K, reserved 1114112K
  class space    used 1493K, committed 1600K, reserved 1048576K
}
Event: 3.383 GC heap before
{Heap before GC invocations=1 (full 0):
 garbage-first heap   total 258048K, used 10379K [0x0000000704a00000, 0x0000000800000000)
  region size 2048K, 7 young (14336K), 2 survivors (4096K)
 Metaspace       used 21234K, committed 21504K, reserved 1114112K
  class space    used 2539K, committed 2688K, reserved 1048576K
}
Event: 3.400 GC heap after
{Heap after GC invocations=2 (full 0):
 garbage-first heap   total 258048K, used 5946K [0x0000000704a00000, 0x0000000800000000)
  region size 2048K, 1 young (2048K), 1 survivors (2048K)
 Metaspace       used 21234K, committed 21504K, reserved 1114112K
  class space    used 2539K, committed 2688K, reserved 1048576K
}
Event: 7.152 GC heap before
{Heap before GC invocations=3 (full 0):
 garbage-first heap   total 34816K, used 24378K [0x0000000704a00000, 0x0000000800000000)
  region size 2048K, 7 young (14336K), 1 survivors (2048K)
 Metaspace       used 22285K, committed 22528K, reserved 1114112K
  class space    used 2640K, committed 2752K, reserved 1048576K
}
Event: 7.156 GC heap after
{Heap after GC invocations=4 (full 0):
 garbage-first heap   total 34816K, used 14294K [0x0000000704a00000, 0x0000000800000000)
  region size 2048K, 1 young (2048K), 1 survivors (2048K)
 Metaspace       used 22285K, committed 22528K, reserved 1114112K
  class space    used 2640K, committed 2752K, reserved 1048576K
}
Event: 7.174 GC heap before
{Heap before GC invocations=4 (full 0):
 garbage-first heap   total 34816K, used 16342K [0x0000000704a00000, 0x0000000800000000)
  region size 2048K, 2 young (4096K), 1 survivors (2048K)
 Metaspace       used 22287K, committed 22528K, reserved 1114112K
  class space    used 2640K, committed 2752K, reserved 1048576K
}
Event: 7.178 GC heap after
{Heap after GC invocations=5 (full 0):
 garbage-first heap   total 34816K, used 14214K [0x0000000704a00000, 0x0000000800000000)
  region size 2048K, 1 young (2048K), 1 survivors (2048K)
 Metaspace       used 22287K, committed 22528K, reserved 1114112K
  class space    used 2640K, committed 2752K, reserved 1048576K
}

